dmidecode
xf86-video-intel
libva-intel-driver
mesa-libgl
xfce4
xfce4-goodies
gdm
gdm
networkmanager
dnsmasq
network-manager-applet
networkmanager-openconnect
networkmanager-openvpn
networkmanager-pptp
networkmanager-vpnc
ntp
ntp
bc
rsync
mlocate
bash-completion
pkgstats
ntp
zip
unzip
unrar
p7zip
avahi
nss-mdns
nss-mdns
alsa-utils
alsa-plugins
lib32-alsa-plugins
pulseaudio
pulseaudio-alsa
pavucontrol
lib32-libpulse
ntfs-3g
dosfstools
exfat-utils
fuse
fuse-exfat
autofs
nfs-utils
nfs-utils
nfs-utils
nfs-utils
acpi
acpid
acpid
mc
curl
lynx
wget
terminator
rsync
rdesktop
gparted
htop
encfs
davfs2
catfish
gedit
xscreensaver
git
gsfonts
meld
gvfs
gvfs-smb
smbclient
sshfs
cherrytree
totem
audacious
audacious-plugins
banshee
firefox
firefox-i18n-en-us
firefox-adblock-plus
flashplugin
thunderbird
thunderbird-i18n-en-us
chromium
opera
libreoffice-fresh
libreoffice-fresh-en-US
unoconv
inkscape
python2-numpy
python-lxml
gimp
evince
simple-scan
transmission-gtk
skype
audacity
easytag
handbrake
gst-libav
gst-plugins-bad
gst-plugins-base
gst-plugins-good
gst-plugins-ugly
gst-plugins-base-libs
gstreamer0.10
gstreamer0.10-plugins
libbluray
libquicktime
libdvdread
libdvdnav
libdvdcss
cdrdao
gnome-keyring
seahorse
ttf-droid
ttf-dejavu
xcursor-themes
numix-themes
adwaita-icon-theme
gnome-icon-theme
gnome-icon-theme-extras
gnome-icon-theme-symbolic
hicolor-icon-theme
faenza-icon-theme
faience-icon-theme
hunspell
hunspell-en-US
hyphen
hyphen-en-US
libmythes
mythes
mythes-en-US
usbutils
usb_modeswitch
modemmanager
clamav
clamav
clamav
openssh
openssh
virtualbox
virtualbox-host-modules
virtualbox-guest-iso
virtualbox-guest-iso
samba
smbnetfs
